<?xml version="1.0" encoding="UTF-8"?>
<coverage generated="1633968654055" clover="3.2.0">
  <project timestamp="1633968654055" name="All files">
    <metrics statements="92" coveredstatements="92" conditionals="46" coveredconditionals="46" methods="40" coveredmethods="40" elements="178" coveredelements="178" complexity="0" loc="92" ncloc="92" packages="2" files="6" classes="6"/>
    <package name="src">
      <metrics statements="88" coveredstatements="88" conditionals="46" coveredconditionals="46" methods="39" coveredmethods="39"/>
      <file name="async-encrypt-storage.ts" path="/Users/michelon/workspace/packages/safe-storage/src/async-encrypt-storage.ts">
        <metrics statements="26" coveredstatements="26" conditionals="0" coveredconditionals="0" methods="20" coveredmethods="20"/>
        <line num="1" count="2" type="stmt"/>
        <line num="3" count="2" type="stmt"/>
        <line num="7" count="22" type="stmt"/>
        <line num="11" count="2" type="stmt"/>
        <line num="15" count="17" type="stmt"/>
        <line num="16" count="17" type="stmt"/>
        <line num="21" count="10" type="stmt"/>
        <line num="22" count="10" type="stmt"/>
        <line num="23" count="10" type="stmt"/>
        <line num="28" count="2" type="stmt"/>
        <line num="29" count="2" type="stmt"/>
        <line num="36" count="2" type="stmt"/>
        <line num="37" count="2" type="stmt"/>
        <line num="38" count="2" type="stmt"/>
        <line num="43" count="1" type="stmt"/>
        <line num="44" count="1" type="stmt"/>
        <line num="49" count="1" type="stmt"/>
        <line num="50" count="1" type="stmt"/>
        <line num="55" count="3" type="stmt"/>
        <line num="56" count="3" type="stmt"/>
        <line num="61" count="2" type="stmt"/>
        <line num="62" count="2" type="stmt"/>
        <line num="63" count="2" type="stmt"/>
        <line num="68" count="1" type="stmt"/>
        <line num="69" count="1" type="stmt"/>
        <line num="70" count="1" type="stmt"/>
      </file>
      <file name="encrypt-storage.ts" path="/Users/michelon/workspace/packages/safe-storage/src/encrypt-storage.ts">
        <metrics statements="54" coveredstatements="54" conditionals="46" coveredconditionals="46" methods="16" coveredmethods="16"/>
        <line num="1" count="2" type="stmt"/>
        <line num="2" count="2" type="stmt"/>
        <line num="100" count="2" type="stmt"/>
        <line num="107" count="2" type="stmt"/>
        <line num="117" count="46" type="cond" truecount="2" falsecount="0"/>
        <line num="118" count="2" type="stmt"/>
        <line num="121" count="44" type="stmt"/>
        <line num="123" count="44" type="cond" truecount="6" falsecount="0"/>
        <line num="124" count="44" type="cond" truecount="6" falsecount="0"/>
        <line num="125" count="44" type="cond" truecount="6" falsecount="0"/>
        <line num="126" count="44" type="stmt"/>
        <line num="133" count="68" type="cond" truecount="2" falsecount="0"/>
        <line num="137" count="4" type="stmt"/>
        <line num="141" count="38" type="stmt"/>
        <line num="143" count="38" type="cond" truecount="2" falsecount="0"/>
        <line num="144" count="38" type="stmt"/>
        <line num="146" count="38" type="stmt"/>
        <line num="150" count="26" type="stmt"/>
        <line num="151" count="26" type="stmt"/>
        <line num="153" count="26" type="cond" truecount="2" falsecount="0"/>
        <line num="154" count="20" type="stmt"/>
        <line num="156" count="20" type="cond" truecount="2" falsecount="0"/>
        <line num="157" count="2" type="stmt"/>
        <line num="160" count="18" type="stmt"/>
        <line num="161" count="18" type="stmt"/>
        <line num="163" count="8" type="stmt"/>
        <line num="167" count="6" type="stmt"/>
        <line num="171" count="4" type="stmt"/>
        <line num="172" count="4" type="stmt"/>
        <line num="176" count="3" type="stmt"/>
        <line num="177" count="3" type="stmt"/>
        <line num="178" count="6" type="cond" truecount="2" falsecount="0"/>
        <line num="179" count="2" type="cond" truecount="2" falsecount="0"/>
        <line num="182" count="4" type="stmt"/>
        <line num="185" count="3" type="stmt"/>
        <line num="186" count="6" type="stmt"/>
        <line num="191" count="5" type="stmt"/>
        <line num="192" count="6" type="cond" truecount="2" falsecount="0"/>
        <line num="193" count="2" type="cond" truecount="2" falsecount="0"/>
        <line num="196" count="4" type="stmt"/>
        <line num="199" count="5" type="cond" truecount="2" falsecount="0"/>
        <line num="200" count="2" type="stmt"/>
        <line num="203" count="3" type="stmt"/>
        <line num="204" count="6" type="stmt"/>
        <line num="208" count="6" type="stmt"/>
        <line num="210" count="6" type="stmt"/>
        <line num="213" count="3" type="stmt"/>
        <line num="217" count="2" type="stmt"/>
        <line num="221" count="6" type="stmt"/>
        <line num="225" count="4" type="stmt"/>
        <line num="227" count="4" type="stmt"/>
        <line num="231" count="2" type="stmt"/>
        <line num="233" count="2" type="stmt"/>
        <line num="237" count="2" type="stmt"/>
      </file>
      <file name="index.ts" path="/Users/michelon/workspace/packages/safe-storage/src/index.ts">
        <metrics statements="2" coveredstatements="2" conditionals="0" coveredconditionals="0" methods="0" coveredmethods="0"/>
        <line num="1" count="2" type="stmt"/>
        <line num="2" count="2" type="stmt"/>
      </file>
      <file name="utils.ts" path="/Users/michelon/workspace/packages/safe-storage/src/utils.ts">
        <metrics statements="6" coveredstatements="6" conditionals="0" coveredconditionals="0" methods="3" coveredmethods="3"/>
        <line num="1" count="2" type="stmt"/>
        <line num="9" count="2" type="stmt"/>
        <line num="13" count="44" type="stmt"/>
        <line num="20" count="44" type="stmt"/>
        <line num="22" count="42" type="stmt"/>
        <line num="25" count="22" type="stmt"/>
      </file>
    </package>
    <package name="src.errors">
      <metrics statements="4" coveredstatements="4" conditionals="0" coveredconditionals="0" methods="1" coveredmethods="1"/>
      <file name="index.ts" path="/Users/michelon/workspace/packages/safe-storage/src/errors/index.ts">
        <metrics statements="1" coveredstatements="1" conditionals="0" coveredconditionals="0" methods="0" coveredmethods="0"/>
        <line num="1" count="2" type="stmt"/>
      </file>
      <file name="invalid-secret-key-error.ts" path="/Users/michelon/workspace/packages/safe-storage/src/errors/invalid-secret-key-error.ts">
        <metrics statements="3" coveredstatements="3" conditionals="0" coveredconditionals="0" methods="1" coveredmethods="1"/>
        <line num="1" count="2" type="stmt"/>
        <line num="3" count="2" type="stmt"/>
        <line num="6" count="2" type="stmt"/>
      </file>
    </package>
  </project>
</coverage>
