{"/Users/michelon/workspace/packages/safe-storage/src/async-encrypt-storage.ts": {"path":"/Users/michelon/workspace/packages/safe-storage/src/async-encrypt-storage.ts","statementMap":{"0":{"start":{"line":1,"column":0},"end":{"line":1,"column":74}},"1":{"start":{"line":7,"column":4},"end":{"line":7,"column":65}},"2":{"start":{"line":11,"column":4},"end":{"line":11,"column":55}},"3":{"start":{"line":15,"column":4},"end":{"line":17,"column":7}},"4":{"start":{"line":16,"column":6},"end":{"line":16,"column":55}},"5":{"start":{"line":21,"column":4},"end":{"line":24,"column":7}},"6":{"start":{"line":22,"column":27},"end":{"line":22,"column":59}},"7":{"start":{"line":23,"column":6},"end":{"line":23,"column":28}},"8":{"start":{"line":28,"column":4},"end":{"line":30,"column":7}},"9":{"start":{"line":29,"column":6},"end":{"line":29,"column":51}},"10":{"start":{"line":36,"column":4},"end":{"line":39,"column":7}},"11":{"start":{"line":37,"column":28},"end":{"line":37,"column":75}},"12":{"start":{"line":38,"column":6},"end":{"line":38,"column":29}},"13":{"start":{"line":43,"column":4},"end":{"line":45,"column":7}},"14":{"start":{"line":44,"column":6},"end":{"line":44,"column":66}},"15":{"start":{"line":49,"column":4},"end":{"line":51,"column":7}},"16":{"start":{"line":50,"column":6},"end":{"line":50,"column":43}},"17":{"start":{"line":55,"column":4},"end":{"line":57,"column":7}},"18":{"start":{"line":56,"column":6},"end":{"line":56,"column":46}},"19":{"start":{"line":61,"column":4},"end":{"line":64,"column":7}},"20":{"start":{"line":62,"column":29},"end":{"line":62,"column":67}},"21":{"start":{"line":63,"column":6},"end":{"line":63,"column":30}},"22":{"start":{"line":68,"column":4},"end":{"line":71,"column":7}},"23":{"start":{"line":69,"column":29},"end":{"line":69,"column":67}},"24":{"start":{"line":70,"column":6},"end":{"line":70,"column":30}},"25":{"start":{"line":3,"column":0},"end":{"line":3,"column":13}}},"fnMap":{"0":{"name":"(anonymous_7)","decl":{"start":{"line":6,"column":2},"end":{"line":6,"column":14}},"loc":{"start":{"line":6,"column":64},"end":{"line":8,"column":3}}},"1":{"name":"(anonymous_8)","decl":{"start":{"line":10,"column":2},"end":{"line":10,"column":13}},"loc":{"start":{"line":10,"column":19},"end":{"line":12,"column":3}}},"2":{"name":"(anonymous_9)","decl":{"start":{"line":14,"column":15},"end":{"line":14,"column":22}},"loc":{"start":{"line":14,"column":46},"end":{"line":18,"column":null}}},"3":{"name":"(anonymous_11)","decl":{"start":{"line":15,"column":23},"end":{"line":15,"column":30}},"loc":{"start":{"line":15,"column":33},"end":{"line":17,"column":5}}},"4":{"name":"(anonymous_12)","decl":{"start":{"line":20,"column":15},"end":{"line":20,"column":22}},"loc":{"start":{"line":20,"column":43},"end":{"line":25,"column":null}}},"5":{"name":"(anonymous_14)","decl":{"start":{"line":21,"column":23},"end":{"line":21,"column":30}},"loc":{"start":{"line":21,"column":33},"end":{"line":24,"column":5}}},"6":{"name":"(anonymous_15)","decl":{"start":{"line":27,"column":15},"end":{"line":27,"column":25}},"loc":{"start":{"line":27,"column":37},"end":{"line":31,"column":null}}},"7":{"name":"(anonymous_17)","decl":{"start":{"line":28,"column":23},"end":{"line":28,"column":30}},"loc":{"start":{"line":28,"column":33},"end":{"line":30,"column":5}}},"8":{"name":"(anonymous_18)","decl":{"start":{"line":33,"column":15},"end":{"line":33,"column":33}},"loc":{"start":{"line":34,"column":19},"end":{"line":40,"column":null}}},"9":{"name":"(anonymous_20)","decl":{"start":{"line":36,"column":23},"end":{"line":36,"column":30}},"loc":{"start":{"line":36,"column":33},"end":{"line":39,"column":5}}},"10":{"name":"(anonymous_21)","decl":{"start":{"line":42,"column":15},"end":{"line":42,"column":36}},"loc":{"start":{"line":42,"column":52},"end":{"line":46,"column":null}}},"11":{"name":"(anonymous_23)","decl":{"start":{"line":43,"column":23},"end":{"line":43,"column":30}},"loc":{"start":{"line":43,"column":33},"end":{"line":45,"column":5}}},"12":{"name":"(anonymous_24)","decl":{"start":{"line":48,"column":15},"end":{"line":48,"column":20}},"loc":{"start":{"line":48,"column":20},"end":{"line":52,"column":null}}},"13":{"name":"(anonymous_26)","decl":{"start":{"line":49,"column":23},"end":{"line":49,"column":30}},"loc":{"start":{"line":49,"column":33},"end":{"line":51,"column":5}}},"14":{"name":"(anonymous_27)","decl":{"start":{"line":54,"column":15},"end":{"line":54,"column":18}},"loc":{"start":{"line":54,"column":32},"end":{"line":58,"column":null}}},"15":{"name":"(anonymous_29)","decl":{"start":{"line":55,"column":23},"end":{"line":55,"column":30}},"loc":{"start":{"line":55,"column":33},"end":{"line":57,"column":5}}},"16":{"name":"(anonymous_30)","decl":{"start":{"line":60,"column":15},"end":{"line":60,"column":28}},"loc":{"start":{"line":60,"column":40},"end":{"line":65,"column":null}}},"17":{"name":"(anonymous_32)","decl":{"start":{"line":61,"column":23},"end":{"line":61,"column":30}},"loc":{"start":{"line":61,"column":33},"end":{"line":64,"column":5}}},"18":{"name":"(anonymous_33)","decl":{"start":{"line":67,"column":15},"end":{"line":67,"column":28}},"loc":{"start":{"line":67,"column":40},"end":{"line":72,"column":null}}},"19":{"name":"(anonymous_35)","decl":{"start":{"line":68,"column":23},"end":{"line":68,"column":30}},"loc":{"start":{"line":68,"column":33},"end":{"line":71,"column":5}}}},"branchMap":{},"s":{"0":2,"1":22,"2":2,"3":17,"4":17,"5":10,"6":10,"7":10,"8":2,"9":2,"10":2,"11":2,"12":2,"13":1,"14":1,"15":1,"16":1,"17":3,"18":3,"19":2,"20":2,"21":2,"22":1,"23":1,"24":1,"25":2},"f":{"0":22,"1":2,"2":17,"3":17,"4":10,"5":10,"6":2,"7":2,"8":2,"9":2,"10":1,"11":1,"12":1,"13":1,"14":3,"15":3,"16":2,"17":2,"18":1,"19":1},"b":{}}
,"/Users/michelon/workspace/packages/safe-storage/src/encrypt-storage.ts": {"path":"/Users/michelon/workspace/packages/safe-storage/src/encrypt-storage.ts","statementMap":{"0":{"start":{"line":1,"column":0},"end":{"line":1,"column":49}},"1":{"start":{"line":2,"column":0},"end":{"line":2,"column":70}},"2":{"start":{"line":100,"column":15},"end":{"line":100,"column":28}},"3":{"start":{"line":117,"column":4},"end":{"line":119,"column":null}},"4":{"start":{"line":118,"column":6},"end":{"line":118,"column":40}},"5":{"start":{"line":121,"column":4},"end":{"line":121,"column":32}},"6":{"start":{"line":123,"column":4},"end":{"line":123,"column":66}},"7":{"start":{"line":124,"column":4},"end":{"line":124,"column":40}},"8":{"start":{"line":125,"column":4},"end":{"line":125,"column":67}},"9":{"start":{"line":126,"column":4},"end":{"line":129,"column":6}},"10":{"start":{"line":133,"column":4},"end":{"line":133,"column":55}},"11":{"start":{"line":137,"column":4},"end":{"line":137,"column":31}},"12":{"start":{"line":141,"column":23},"end":{"line":141,"column":39}},"13":{"start":{"line":143,"column":6},"end":{"line":143,"column":71}},"14":{"start":{"line":144,"column":27},"end":{"line":144,"column":67}},"15":{"start":{"line":146,"column":4},"end":{"line":146,"column":53}},"16":{"start":{"line":150,"column":23},"end":{"line":150,"column":39}},"17":{"start":{"line":151,"column":17},"end":{"line":151,"column":49}},"18":{"start":{"line":153,"column":4},"end":{"line":165,"column":null}},"19":{"start":{"line":154,"column":29},"end":{"line":154,"column":60}},"20":{"start":{"line":156,"column":6},"end":{"line":158,"column":null}},"21":{"start":{"line":157,"column":8},"end":{"line":157,"column":46}},"22":{"start":{"line":160,"column":6},"end":{"line":164,"column":null}},"23":{"start":{"line":161,"column":8},"end":{"line":161,"column":47}},"24":{"start":{"line":163,"column":8},"end":{"line":163,"column":46}},"25":{"start":{"line":167,"column":4},"end":{"line":167,"column":21}},"26":{"start":{"line":171,"column":23},"end":{"line":171,"column":39}},"27":{"start":{"line":172,"column":4},"end":{"line":172,"column":40}},"28":{"start":{"line":176,"column":24},"end":{"line":176,"column":49}},"29":{"start":{"line":177,"column":25},"end":{"line":183,"column":6}},"30":{"start":{"line":178,"column":6},"end":{"line":180,"column":null}},"31":{"start":{"line":179,"column":8},"end":{"line":179,"column":66}},"32":{"start":{"line":182,"column":6},"end":{"line":182,"column":35}},"33":{"start":{"line":185,"column":4},"end":{"line":187,"column":7}},"34":{"start":{"line":186,"column":6},"end":{"line":186,"column":35}},"35":{"start":{"line":191,"column":17},"end":{"line":197,"column":6}},"36":{"start":{"line":192,"column":6},"end":{"line":194,"column":null}},"37":{"start":{"line":193,"column":8},"end":{"line":193,"column":66}},"38":{"start":{"line":196,"column":6},"end":{"line":196,"column":35}},"39":{"start":{"line":199,"column":4},"end":{"line":201,"column":null}},"40":{"start":{"line":200,"column":6},"end":{"line":200,"column":23}},"41":{"start":{"line":203,"column":18},"end":{"line":211,"column":10}},"42":{"start":{"line":204,"column":27},"end":{"line":206,"column":13}},"43":{"start":{"line":208,"column":6},"end":{"line":208,"column":61}},"44":{"start":{"line":210,"column":6},"end":{"line":210,"column":25}},"45":{"start":{"line":213,"column":4},"end":{"line":213,"column":17}},"46":{"start":{"line":217,"column":4},"end":{"line":217,"column":25}},"47":{"start":{"line":221,"column":4},"end":{"line":221,"column":35}},"48":{"start":{"line":225,"column":27},"end":{"line":225,"column":57}},"49":{"start":{"line":227,"column":4},"end":{"line":227,"column":26}},"50":{"start":{"line":231,"column":27},"end":{"line":231,"column":57}},"51":{"start":{"line":233,"column":4},"end":{"line":233,"column":26}},"52":{"start":{"line":107,"column":0},"end":{"line":107,"column":13}},"53":{"start":{"line":237,"column":0},"end":{"line":237,"column":30}}},"fnMap":{"0":{"name":"(anonymous_0)","decl":{"start":{"line":116,"column":2},"end":{"line":116,"column":14}},"loc":{"start":{"line":116,"column":64},"end":{"line":130,"column":3}}},"1":{"name":"(anonymous_1)","decl":{"start":{"line":132,"column":10},"end":{"line":132,"column":16}},"loc":{"start":{"line":132,"column":28},"end":{"line":134,"column":3}}},"2":{"name":"(anonymous_2)","decl":{"start":{"line":136,"column":2},"end":{"line":136,"column":13}},"loc":{"start":{"line":136,"column":19},"end":{"line":138,"column":3}}},"3":{"name":"(anonymous_3)","decl":{"start":{"line":140,"column":9},"end":{"line":140,"column":16}},"loc":{"start":{"line":140,"column":40},"end":{"line":147,"column":3}}},"4":{"name":"(anonymous_4)","decl":{"start":{"line":149,"column":9},"end":{"line":149,"column":16}},"loc":{"start":{"line":149,"column":37},"end":{"line":168,"column":3}}},"5":{"name":"(anonymous_5)","decl":{"start":{"line":170,"column":9},"end":{"line":170,"column":19}},"loc":{"start":{"line":170,"column":31},"end":{"line":173,"column":3}}},"6":{"name":"(anonymous_6)","decl":{"start":{"line":175,"column":9},"end":{"line":175,"column":30}},"loc":{"start":{"line":175,"column":46},"end":{"line":188,"column":3}}},"7":{"name":"(anonymous_7)","decl":{"start":{"line":177,"column":44},"end":{"line":177,"column":47}},"loc":{"start":{"line":177,"column":50},"end":{"line":183,"column":5}}},"8":{"name":"(anonymous_8)","decl":{"start":{"line":185,"column":25},"end":{"line":185,"column":28}},"loc":{"start":{"line":185,"column":31},"end":{"line":187,"column":5}}},"9":{"name":"(anonymous_9)","decl":{"start":{"line":190,"column":9},"end":{"line":190,"column":27}},"loc":{"start":{"line":190,"column":43},"end":{"line":214,"column":3}}},"10":{"name":"(anonymous_10)","decl":{"start":{"line":191,"column":50},"end":{"line":191,"column":53}},"loc":{"start":{"line":191,"column":56},"end":{"line":197,"column":5}}},"11":{"name":"(anonymous_11)","decl":{"start":{"line":203,"column":30},"end":{"line":203,"column":31}},"loc":{"start":{"line":203,"column":72},"end":{"line":211,"column":5}}},"12":{"name":"(anonymous_12)","decl":{"start":{"line":216,"column":9},"end":{"line":216,"column":14}},"loc":{"start":{"line":216,"column":14},"end":{"line":218,"column":3}}},"13":{"name":"(anonymous_13)","decl":{"start":{"line":220,"column":9},"end":{"line":220,"column":12}},"loc":{"start":{"line":220,"column":26},"end":{"line":222,"column":3}}},"14":{"name":"(anonymous_14)","decl":{"start":{"line":224,"column":9},"end":{"line":224,"column":22}},"loc":{"start":{"line":224,"column":34},"end":{"line":228,"column":3}}},"15":{"name":"(anonymous_15)","decl":{"start":{"line":230,"column":9},"end":{"line":230,"column":22}},"loc":{"start":{"line":230,"column":34},"end":{"line":234,"column":3}}}},"branchMap":{"0":{"loc":{"start":{"line":117,"column":4},"end":{"line":119,"column":null}},"type":"if","locations":[{"start":{"line":117,"column":4},"end":{"line":119,"column":null}},{"start":{"line":117,"column":4},"end":{"line":119,"column":null}}]},"1":{"loc":{"start":{"line":123,"column":26},"end":{"line":123,"column":46}},"type":"binary-expr","locations":[{"start":{"line":123,"column":26},"end":{"line":123,"column":46}},{"start":{"line":123,"column":50},"end":{"line":123,"column":64}}]},"2":{"loc":{"start":{"line":123,"column":33},"end":{"line":123,"column":35}},"type":"cond-expr","locations":[{"start":{"line":123,"column":33},"end":{"line":123,"column":35}},{"start":{"line":123,"column":26},"end":{"line":123,"column":46}}]},"3":{"loc":{"start":{"line":123,"column":26},"end":{"line":123,"column":35}},"type":"binary-expr","locations":[{"start":{"line":123,"column":26},"end":{"line":123,"column":35}},{"start":{"line":123,"column":26},"end":{"line":123,"column":35}}]},"4":{"loc":{"start":{"line":124,"column":18},"end":{"line":124,"column":33}},"type":"binary-expr","locations":[{"start":{"line":124,"column":18},"end":{"line":124,"column":33}},{"start":{"line":124,"column":37},"end":{"line":124,"column":39}}]},"5":{"loc":{"start":{"line":124,"column":25},"end":{"line":124,"column":27}},"type":"cond-expr","locations":[{"start":{"line":124,"column":25},"end":{"line":124,"column":27}},{"start":{"line":124,"column":18},"end":{"line":124,"column":33}}]},"6":{"loc":{"start":{"line":124,"column":18},"end":{"line":124,"column":27}},"type":"binary-expr","locations":[{"start":{"line":124,"column":18},"end":{"line":124,"column":27}},{"start":{"line":124,"column":18},"end":{"line":124,"column":27}}]},"7":{"loc":{"start":{"line":125,"column":30},"end":{"line":125,"column":57}},"type":"binary-expr","locations":[{"start":{"line":125,"column":30},"end":{"line":125,"column":57}},{"start":{"line":125,"column":61},"end":{"line":125,"column":66}}]},"8":{"loc":{"start":{"line":125,"column":37},"end":{"line":125,"column":39}},"type":"cond-expr","locations":[{"start":{"line":125,"column":37},"end":{"line":125,"column":39}},{"start":{"line":125,"column":30},"end":{"line":125,"column":57}}]},"9":{"loc":{"start":{"line":125,"column":30},"end":{"line":125,"column":39}},"type":"binary-expr","locations":[{"start":{"line":125,"column":30},"end":{"line":125,"column":39}},{"start":{"line":125,"column":30},"end":{"line":125,"column":39}}]},"10":{"loc":{"start":{"line":127,"column":6},"end":{"line":127,"column":27}},"type":"binary-expr","locations":[{"start":{"line":127,"column":6},"end":{"line":127,"column":27}},{"start":{"line":127,"column":31},"end":{"line":127,"column":36}}]},"11":{"loc":{"start":{"line":127,"column":13},"end":{"line":127,"column":15}},"type":"cond-expr","locations":[{"start":{"line":127,"column":13},"end":{"line":127,"column":15}},{"start":{"line":127,"column":6},"end":{"line":127,"column":27}}]},"12":{"loc":{"start":{"line":127,"column":6},"end":{"line":127,"column":15}},"type":"binary-expr","locations":[{"start":{"line":127,"column":6},"end":{"line":127,"column":15}},{"start":{"line":127,"column":6},"end":{"line":127,"column":15}}]},"13":{"loc":{"start":{"line":133,"column":25},"end":{"line":133,"column":48}},"type":"cond-expr","locations":[{"start":{"line":133,"column":25},"end":{"line":133,"column":48}},{"start":{"line":133,"column":51},"end":{"line":133,"column":54}}]},"14":{"loc":{"start":{"line":143,"column":34},"end":{"line":143,"column":55}},"type":"cond-expr","locations":[{"start":{"line":143,"column":34},"end":{"line":143,"column":55}},{"start":{"line":143,"column":58},"end":{"line":143,"column":71}}]},"15":{"loc":{"start":{"line":153,"column":4},"end":{"line":165,"column":null}},"type":"if","locations":[{"start":{"line":153,"column":4},"end":{"line":165,"column":null}},{"start":{"line":153,"column":4},"end":{"line":165,"column":null}}]},"16":{"loc":{"start":{"line":156,"column":6},"end":{"line":158,"column":null}},"type":"if","locations":[{"start":{"line":156,"column":6},"end":{"line":158,"column":null}},{"start":{"line":156,"column":6},"end":{"line":158,"column":null}}]},"17":{"loc":{"start":{"line":178,"column":6},"end":{"line":180,"column":null}},"type":"if","locations":[{"start":{"line":178,"column":6},"end":{"line":180,"column":null}},{"start":{"line":178,"column":6},"end":{"line":180,"column":null}}]},"18":{"loc":{"start":{"line":179,"column":15},"end":{"line":179,"column":36}},"type":"binary-expr","locations":[{"start":{"line":179,"column":15},"end":{"line":179,"column":36}},{"start":{"line":179,"column":40},"end":{"line":179,"column":65}}]},"19":{"loc":{"start":{"line":192,"column":6},"end":{"line":194,"column":null}},"type":"if","locations":[{"start":{"line":192,"column":6},"end":{"line":194,"column":null}},{"start":{"line":192,"column":6},"end":{"line":194,"column":null}}]},"20":{"loc":{"start":{"line":193,"column":15},"end":{"line":193,"column":36}},"type":"binary-expr","locations":[{"start":{"line":193,"column":15},"end":{"line":193,"column":36}},{"start":{"line":193,"column":40},"end":{"line":193,"column":65}}]},"21":{"loc":{"start":{"line":199,"column":4},"end":{"line":201,"column":null}},"type":"if","locations":[{"start":{"line":199,"column":4},"end":{"line":201,"column":null}},{"start":{"line":199,"column":4},"end":{"line":201,"column":null}}]},"22":{"loc":{"start":{"line":205,"column":10},"end":{"line":205,"column":44}},"type":"cond-expr","locations":[{"start":{"line":205,"column":10},"end":{"line":205,"column":44}},{"start":{"line":206,"column":10},"end":{"line":206,"column":13}}]}},"s":{"0":2,"1":2,"2":2,"3":46,"4":2,"5":44,"6":44,"7":44,"8":44,"9":44,"10":68,"11":4,"12":38,"13":38,"14":38,"15":38,"16":26,"17":26,"18":26,"19":20,"20":20,"21":2,"22":18,"23":18,"24":8,"25":6,"26":4,"27":4,"28":3,"29":3,"30":6,"31":2,"32":4,"33":3,"34":6,"35":5,"36":6,"37":2,"38":4,"39":5,"40":2,"41":3,"42":6,"43":6,"44":6,"45":3,"46":2,"47":6,"48":4,"49":4,"50":2,"51":2,"52":2,"53":2},"f":{"0":46,"1":68,"2":4,"3":38,"4":26,"5":4,"6":3,"7":6,"8":6,"9":5,"10":6,"11":6,"12":2,"13":6,"14":4,"15":2},"b":{"0":[2,44],"1":[44,42],"2":[2,42],"3":[44,44],"4":[44,38],"5":[2,42],"6":[44,44],"7":[44,42],"8":[2,42],"9":[44,44],"10":[44,38],"11":[2,42],"12":[44,44],"13":[12,56],"14":[18,20],"15":[20,6],"16":[2,18],"17":[2,4],"18":[2,2],"19":[2,4],"20":[2,2],"21":[2,3],"22":[2,4]}}
,"/Users/michelon/workspace/packages/safe-storage/src/index.ts": {"path":"/Users/michelon/workspace/packages/safe-storage/src/index.ts","statementMap":{"0":{"start":{"line":1,"column":0},"end":{"line":1,"column":40}},"1":{"start":{"line":2,"column":0},"end":{"line":2,"column":34}}},"fnMap":{},"branchMap":{},"s":{"0":2,"1":2},"f":{},"b":{}}
,"/Users/michelon/workspace/packages/safe-storage/src/utils.ts": {"path":"/Users/michelon/workspace/packages/safe-storage/src/utils.ts","statementMap":{"0":{"start":{"line":1,"column":0},"end":{"line":1,"column":59}},"1":{"start":{"line":13,"column":21},"end":{"line":18,"column":4}},"2":{"start":{"line":20,"column":2},"end":{"line":29,"column":4}},"3":{"start":{"line":22,"column":6},"end":{"line":22,"column":75}},"4":{"start":{"line":25,"column":6},"end":{"line":27,"column":28}},"5":{"start":{"line":9,"column":0},"end":{"line":9,"column":16}}},"fnMap":{"0":{"name":"getEncriptation","decl":{"start":{"line":9,"column":16},"end":{"line":9,"column":31}},"loc":{"start":{"line":11,"column":19},"end":{"line":30,"column":1}}},"1":{"name":"(anonymous_1)","decl":{"start":{"line":21,"column":13},"end":{"line":21,"column":14}},"loc":{"start":{"line":21,"column":39},"end":{"line":23,"column":5}}},"2":{"name":"(anonymous_2)","decl":{"start":{"line":24,"column":13},"end":{"line":24,"column":14}},"loc":{"start":{"line":24,"column":39},"end":{"line":28,"column":5}}}},"branchMap":{},"s":{"0":2,"1":44,"2":44,"3":42,"4":22,"5":2},"f":{"0":44,"1":42,"2":22},"b":{}}
,"/Users/michelon/workspace/packages/safe-storage/src/errors/index.ts": {"path":"/Users/michelon/workspace/packages/safe-storage/src/errors/index.ts","statementMap":{"0":{"start":{"line":1,"column":0},"end":{"line":1,"column":43}}},"fnMap":{},"branchMap":{},"s":{"0":2},"f":{},"b":{}}
,"/Users/michelon/workspace/packages/safe-storage/src/errors/invalid-secret-key-error.ts": {"path":"/Users/michelon/workspace/packages/safe-storage/src/errors/invalid-secret-key-error.ts","statementMap":{"0":{"start":{"line":3,"column":4},"end":{"line":5,"column":6}},"1":{"start":{"line":6,"column":4},"end":{"line":6,"column":35}},"2":{"start":{"line":1,"column":0},"end":{"line":1,"column":13}}},"fnMap":{"0":{"name":"(anonymous_0)","decl":{"start":{"line":2,"column":2},"end":{"line":2,"column":null}},"loc":{"start":{"line":2,"column":2},"end":{"line":7,"column":3}}}},"branchMap":{},"s":{"0":2,"1":2,"2":2},"f":{"0":2},"b":{}}
}
