TN:
SF:src/async-encrypt-storage.ts
FN:6,(anonymous_7)
FN:10,(anonymous_8)
FN:14,(anonymous_9)
FN:15,(anonymous_11)
FN:20,(anonymous_12)
FN:21,(anonymous_14)
FN:27,(anonymous_15)
FN:28,(anonymous_17)
FN:33,(anonymous_18)
FN:36,(anonymous_20)
FN:42,(anonymous_21)
FN:43,(anonymous_23)
FN:48,(anonymous_24)
FN:49,(anonymous_26)
FN:54,(anonymous_27)
FN:55,(anonymous_29)
FN:60,(anonymous_30)
FN:61,(anonymous_32)
FN:67,(anonymous_33)
FN:68,(anonymous_35)
FNF:20
FNH:20
FNDA:22,(anonymous_7)
FNDA:2,(anonymous_8)
FNDA:17,(anonymous_9)
FNDA:17,(anonymous_11)
FNDA:10,(anonymous_12)
FNDA:10,(anonymous_14)
FNDA:2,(anonymous_15)
FNDA:2,(anonymous_17)
FNDA:2,(anonymous_18)
FNDA:2,(anonymous_20)
FNDA:1,(anonymous_21)
FNDA:1,(anonymous_23)
FNDA:1,(anonymous_24)
FNDA:1,(anonymous_26)
FNDA:3,(anonymous_27)
FNDA:3,(anonymous_29)
FNDA:2,(anonymous_30)
FNDA:2,(anonymous_32)
FNDA:1,(anonymous_33)
FNDA:1,(anonymous_35)
DA:1,2
DA:3,2
DA:7,22
DA:11,2
DA:15,17
DA:16,17
DA:21,10
DA:22,10
DA:23,10
DA:28,2
DA:29,2
DA:36,2
DA:37,2
DA:38,2
DA:43,1
DA:44,1
DA:49,1
DA:50,1
DA:55,3
DA:56,3
DA:61,2
DA:62,2
DA:63,2
DA:68,1
DA:69,1
DA:70,1
LF:26
LH:26
BRF:0
BRH:0
end_of_record
TN:
SF:src/encrypt-storage.ts
FN:116,(anonymous_0)
FN:132,(anonymous_1)
FN:136,(anonymous_2)
FN:140,(anonymous_3)
FN:149,(anonymous_4)
FN:170,(anonymous_5)
FN:175,(anonymous_6)
FN:177,(anonymous_7)
FN:185,(anonymous_8)
FN:190,(anonymous_9)
FN:191,(anonymous_10)
FN:203,(anonymous_11)
FN:216,(anonymous_12)
FN:220,(anonymous_13)
FN:224,(anonymous_14)
FN:230,(anonymous_15)
FNF:16
FNH:16
FNDA:46,(anonymous_0)
FNDA:68,(anonymous_1)
FNDA:4,(anonymous_2)
FNDA:38,(anonymous_3)
FNDA:26,(anonymous_4)
FNDA:4,(anonymous_5)
FNDA:3,(anonymous_6)
FNDA:6,(anonymous_7)
FNDA:6,(anonymous_8)
FNDA:5,(anonymous_9)
FNDA:6,(anonymous_10)
FNDA:6,(anonymous_11)
FNDA:2,(anonymous_12)
FNDA:6,(anonymous_13)
FNDA:4,(anonymous_14)
FNDA:2,(anonymous_15)
DA:1,2
DA:2,2
DA:100,2
DA:107,2
DA:117,46
DA:118,2
DA:121,44
DA:123,44
DA:124,44
DA:125,44
DA:126,44
DA:133,68
DA:137,4
DA:141,38
DA:143,38
DA:144,38
DA:146,38
DA:150,26
DA:151,26
DA:153,26
DA:154,20
DA:156,20
DA:157,2
DA:160,18
DA:161,18
DA:163,8
DA:167,6
DA:171,4
DA:172,4
DA:176,3
DA:177,3
DA:178,6
DA:179,2
DA:182,4
DA:185,3
DA:186,6
DA:191,5
DA:192,6
DA:193,2
DA:196,4
DA:199,5
DA:200,2
DA:203,3
DA:204,6
DA:208,6
DA:210,6
DA:213,3
DA:217,2
DA:221,6
DA:225,4
DA:227,4
DA:231,2
DA:233,2
DA:237,2
LF:54
LH:54
BRDA:117,0,0,2
BRDA:117,0,1,44
BRDA:123,1,0,44
BRDA:123,1,1,42
BRDA:123,2,0,2
BRDA:123,2,1,42
BRDA:123,3,0,44
BRDA:123,3,1,44
BRDA:124,4,0,44
BRDA:124,4,1,38
BRDA:124,5,0,2
BRDA:124,5,1,42
BRDA:124,6,0,44
BRDA:124,6,1,44
BRDA:125,7,0,44
BRDA:125,7,1,42
BRDA:125,8,0,2
BRDA:125,8,1,42
BRDA:125,9,0,44
BRDA:125,9,1,44
BRDA:127,10,0,44
BRDA:127,10,1,38
BRDA:127,11,0,2
BRDA:127,11,1,42
BRDA:127,12,0,44
BRDA:127,12,1,44
BRDA:133,13,0,12
BRDA:133,13,1,56
BRDA:143,14,0,18
BRDA:143,14,1,20
BRDA:153,15,0,20
BRDA:153,15,1,6
BRDA:156,16,0,2
BRDA:156,16,1,18
BRDA:178,17,0,2
BRDA:178,17,1,4
BRDA:179,18,0,2
BRDA:179,18,1,2
BRDA:192,19,0,2
BRDA:192,19,1,4
BRDA:193,20,0,2
BRDA:193,20,1,2
BRDA:199,21,0,2
BRDA:199,21,1,3
BRDA:205,22,0,2
BRDA:205,22,1,4
BRF:46
BRH:46
end_of_record
TN:
SF:src/index.ts
FNF:0
FNH:0
DA:1,2
DA:2,2
LF:2
LH:2
BRF:0
BRH:0
end_of_record
TN:
SF:src/utils.ts
FN:9,getEncriptation
FN:21,(anonymous_1)
FN:24,(anonymous_2)
FNF:3
FNH:3
FNDA:44,getEncriptation
FNDA:42,(anonymous_1)
FNDA:22,(anonymous_2)
DA:1,2
DA:9,2
DA:13,44
DA:20,44
DA:22,42
DA:25,22
LF:6
LH:6
BRF:0
BRH:0
end_of_record
TN:
SF:src/errors/index.ts
FNF:0
FNH:0
DA:1,2
LF:1
LH:1
BRF:0
BRH:0
end_of_record
TN:
SF:src/errors/invalid-secret-key-error.ts
FN:2,(anonymous_0)
FNF:1
FNH:1
FNDA:2,(anonymous_0)
DA:1,2
DA:3,2
DA:6,2
LF:3
LH:3
BRF:0
BRH:0
end_of_record
